<?xml version="1.0" encoding="UTF-8"?>
<TestRun id="d51e75a7-2159-474f-a8b6-405511fe6564" name="Jim@JIM-MOBILE7 2011-11-08 17:50:43" runUser="LOGIC\Jim" xmlns="http://microsoft.com/schemas/VisualStudio/TeamTest/2010">
  <TestSettings name="Local" id="cac0bc0b-ab24-4a67-8e6f-c38ad8aab0d0">
    <Description>These are default test settings for a local test run.</Description>
    <Deployment enabled="false" runDeploymentRoot="Jim_JIM-MOBILE7 2011-11-08 17_50_43" />
    <Execution>
      <TestTypeSpecific />
      <AgentRule name="Execution Agents">
      </AgentRule>
    </Execution>
  </TestSettings>
  <Times creation="2011-11-08T17:50:43.3138326+02:00" queuing="2011-11-08T17:50:46.1711183+02:00" start="2011-11-08T17:50:46.3141326+02:00" finish="2011-11-08T17:50:47.6912703+02:00" />
  <ResultSummary outcome="Completed">
    <Counters total="1" executed="1" passed="1" error="0" failed="0" timeout="0" aborted="0" inconclusive="0" passedButRunAborted="0" notRunnable="0" notExecuted="0" disconnected="0" warning="0" completed="0" inProgress="0" pending="0" />
  </ResultSummary>
  <TestDefinitions>
    <UnitTest name="FilterQueries" storage="d:\misc\code\solrnet\linq.solrnet.tests\bin\debug\linq.solrnet.tests.dll" id="f0001cd2-dbd4-a4c8-7b5a-637ccb7b8507">
      <Execution id="1cdfb03d-ba2b-4c8c-85d7-e5e6342baf60" />
      <TestMethod codeBase="D:/Misc/Code/SolrNet/LINQ.SolrNet.Tests/bin/Debug/LINQ.SolrNet.Tests.DLL" adapterTypeName="Microsoft.VisualStudio.TestTools.TestTypes.Unit.UnitTestAdapter, Microsoft.VisualStudio.QualityTools.Tips.UnitTest.Adapter, Version=10.0.0.0, Culture=neutral, PublicKeyToken=b03f5f7f11d50a3a" className="LINQ.SolrNet.Tests.QueryableSolrNetTester, LINQ.SolrNet.Tests, Version=1.0.0.0, Culture=neutral, PublicKeyToken=null" name="FilterQueries" />
    </UnitTest>
  </TestDefinitions>
  <TestLists>
    <TestList name="Results Not in a List" id="8c84fa94-04c1-424b-9868-57a2d4851a1d" />
    <TestList name="All Loaded Results" id="19431567-8539-422a-85d7-44ee4e166bda" />
  </TestLists>
  <TestEntries>
    <TestEntry testId="f0001cd2-dbd4-a4c8-7b5a-637ccb7b8507" executionId="1cdfb03d-ba2b-4c8c-85d7-e5e6342baf60" testListId="8c84fa94-04c1-424b-9868-57a2d4851a1d" />
  </TestEntries>
  <Results>
    <UnitTestResult executionId="1cdfb03d-ba2b-4c8c-85d7-e5e6342baf60" testId="f0001cd2-dbd4-a4c8-7b5a-637ccb7b8507" testName="FilterQueries" computerName="JIM-MOBILE7" duration="00:00:00.6609972" startTime="2011-11-08T17:50:46.4361448+02:00" endTime="2011-11-08T17:50:47.6132625+02:00" testType="13cdc9d9-ddb5-4fa4-a97d-d965ccfc6d4b" outcome="Passed" testListId="8c84fa94-04c1-424b-9868-57a2d4851a1d" relativeResultsDirectory="1cdfb03d-ba2b-4c8c-85d7-e5e6342baf60">
    </UnitTestResult>
  </Results>
</TestRun>