<?xml version="1.0" encoding="UTF-8"?>
<TestRun id="3591b3df-e287-4b72-8211-dacc9e6bfbc4" name="Jim@JIM-MOBILE7 2011-11-08 17:50:50" runUser="LOGIC\Jim" xmlns="http://microsoft.com/schemas/VisualStudio/TeamTest/2010">
  <TestSettings name="Local" id="cac0bc0b-ab24-4a67-8e6f-c38ad8aab0d0">
    <Description>These are default test settings for a local test run.</Description>
    <Deployment userDeploymentRoot="D:\Misc\Code\SolrNet\TestResults" useDefaultDeploymentRoot="false" enabled="false" runDeploymentRoot="Jim_JIM-MOBILE7 2011-11-08 17_50_50" />
    <Execution>
      <TestTypeSpecific />
      <AgentRule name="Execution Agents">
      </AgentRule>
    </Execution>
  </TestSettings>
  <Times creation="2011-11-08T17:50:50.3905402+02:00" queuing="2011-11-08T17:50:57.1082119+02:00" start="2011-11-08T17:50:57.4702481+02:00" finish="2011-11-08T17:51:01.2416252+02:00" />
  <ResultSummary outcome="Completed">
    <Counters total="1" executed="1" passed="1" error="0" failed="0" timeout="0" aborted="0" inconclusive="0" passedButRunAborted="0" notRunnable="0" notExecuted="0" disconnected="0" warning="0" completed="0" inProgress="0" pending="0" />
  </ResultSummary>
  <TestDefinitions>
    <UnitTest name="FilterQueries" storage="d:\misc\code\solrnet\linq.solrnet.tests\bin\debug\linq.solrnet.tests.dll" id="f0001cd2-dbd4-a4c8-7b5a-637ccb7b8507">
      <Execution id="dc842079-d4e8-4427-b890-f3c379efbfd2" />
      <TestMethod codeBase="D:/Misc/Code/SolrNet/LINQ.SolrNet.Tests/bin/Debug/LINQ.SolrNet.Tests.DLL" adapterTypeName="Microsoft.VisualStudio.TestTools.TestTypes.Unit.UnitTestAdapter, Microsoft.VisualStudio.QualityTools.Tips.UnitTest.Adapter, Version=10.0.0.0, Culture=neutral, PublicKeyToken=b03f5f7f11d50a3a" className="LINQ.SolrNet.Tests.QueryableSolrNetTester, LINQ.SolrNet.Tests, Version=1.0.0.0, Culture=neutral, PublicKeyToken=null" name="FilterQueries" />
    </UnitTest>
  </TestDefinitions>
  <TestLists>
    <TestList name="Results Not in a List" id="8c84fa94-04c1-424b-9868-57a2d4851a1d" />
    <TestList name="All Loaded Results" id="19431567-8539-422a-85d7-44ee4e166bda" />
  </TestLists>
  <TestEntries>
    <TestEntry testId="f0001cd2-dbd4-a4c8-7b5a-637ccb7b8507" executionId="dc842079-d4e8-4427-b890-f3c379efbfd2" testListId="8c84fa94-04c1-424b-9868-57a2d4851a1d" />
  </TestEntries>
  <Results>
    <UnitTestResult executionId="dc842079-d4e8-4427-b890-f3c379efbfd2" testId="f0001cd2-dbd4-a4c8-7b5a-637ccb7b8507" testName="FilterQueries" computerName="JIM-MOBILE7" duration="00:00:00.9568270" startTime="2011-11-08T17:50:57.7102721+02:00" endTime="2011-11-08T17:51:01.0656076+02:00" testType="13cdc9d9-ddb5-4fa4-a97d-d965ccfc6d4b" outcome="Passed" testListId="8c84fa94-04c1-424b-9868-57a2d4851a1d" relativeResultsDirectory="dc842079-d4e8-4427-b890-f3c379efbfd2">
    </UnitTestResult>
  </Results>
</TestRun>